^S={fontstyle=ROMAN fontsize=10pt font_weight=bold}Jazz Pharmace
^S={fontstyle=ROMAN fontsize=10pt font_weight=bold}Protocol 150-
^S={fontstyle=ROMAN fontsize=10pt font_weight=bold}Table 9.2.2.4
^S={fontstyle=ROMAN fontsize=10pt font_weight=bold}Key Secondary
^S={fontstyle=ROMAN fontsize=10pt font_weight=bold}(Modified Ful

                      The Mixed Procedure

                       Model Information

     Data Set                     WORK.TARGET_1            
     Dependent Variable           CHG                      
     Covariance Structure         Unstructured             
     Subject Effect               id                       
     Estimation Method            REML                     
     Residual Variance Method     None                     
     Fixed Effects SE Method      Kenward-Roger            
     Degrees of Freedom Method    Kenward-Roger            


 
 
 
 
 
 
 
 
 
^S={}CGI-S: Clinician Global Impression of Severity; SD: Standar
^S={}Note: The Modified Full Analysis Set includes all participa
^S={}Note: The baseline (Day -1) value is generally defined as t
^S={}Note: All ICEs are addressed using the treatment policy str
^S={}Note: CGI-S is a 7-point Likert-type rating scale used to a
^S={}Note: The LS means, SEs, LS Mean Diff, 95% CI and p-value h
^S={}Note: The randomization stratification factor will be remov
^S={}PROGRAM NAME: C:\SASData\JZP-150\150-201\stat\csr_dryrun1\p
^S={fontstyle=ROMAN fontsize=10pt font_weight=bold}Jazz Pharmace
^S={fontstyle=ROMAN fontsize=10pt font_weight=bold}Protocol 150-
^S={fontstyle=ROMAN fontsize=10pt font_weight=bold}Table 9.2.2.4
^S={fontstyle=ROMAN fontsize=10pt font_weight=bold}Key Secondary
^S={fontstyle=ROMAN fontsize=10pt font_weight=bold}(Modified Ful

                      The Mixed Procedure

                    Class Level Information
 
      Class      Levels    Values

      id             37    10631001 10631002 10631003    
                           11601002 11601006 11601007    
                           13031001 13031004 13581001    
                           13581010 13581014 13991002    
                           13991004 13991007 13991009    
                           13991010 16591001 16591003    
                           16591006 17601002 17601003    
                           17601005 17601007 17601012    
                           17601014 17601025 17661002    
                           17661004 17661006 19691001    
                           19731001 19731004 19731006    
                           19831001 19831005 19831008    
                           19901003                      
      AVISITN         4    1 4 8 12                      
      SSNRISN         2    1 2                           
      trtn            3    1 2 3                         
 
^S={}CGI-S: Clinician Global Impression of Severity; SD: Standar
^S={}Note: The Modified Full Analysis Set includes all participa
^S={}Note: The baseline (Day -1) value is generally defined as t
^S={}Note: All ICEs are addressed using the treatment policy str
^S={}Note: CGI-S is a 7-point Likert-type rating scale used to a
^S={}Note: The LS means, SEs, LS Mean Diff, 95% CI and p-value h
^S={}Note: The randomization stratification factor will be remov
^S={}PROGRAM NAME: C:\SASData\JZP-150\150-201\stat\csr_dryrun1\p
^S={fontstyle=ROMAN fontsize=10pt font_weight=bold}Jazz Pharmace
^S={fontstyle=ROMAN fontsize=10pt font_weight=bold}Protocol 150-
^S={fontstyle=ROMAN fontsize=10pt font_weight=bold}Table 9.2.2.4
^S={fontstyle=ROMAN fontsize=10pt font_weight=bold}Key Secondary
^S={fontstyle=ROMAN fontsize=10pt font_weight=bold}(Modified Ful

                      The Mixed Procedure

                          Dimensions

              Covariance Parameters            10
              Columns in X                     35
              Columns in Z                      0
              Subjects                         37
              Max Obs per Subject               4


                    Number of Observations

          Number of Observations Read             117
          Number of Observations Used             117
          Number of Observations Not Used           0


 
 
 
 
 
^S={}CGI-S: Clinician Global Impression of Severity; SD: Standar
^S={}Note: The Modified Full Analysis Set includes all participa
^S={}Note: The baseline (Day -1) value is generally defined as t
^S={}Note: All ICEs are addressed using the treatment policy str
^S={}Note: CGI-S is a 7-point Likert-type rating scale used to a
^S={}Note: The LS means, SEs, LS Mean Diff, 95% CI and p-value h
^S={}Note: The randomization stratification factor will be remov
^S={}PROGRAM NAME: C:\SASData\JZP-150\150-201\stat\csr_dryrun1\p
^S={fontstyle=ROMAN fontsize=10pt font_weight=bold}Jazz Pharmace
^S={fontstyle=ROMAN fontsize=10pt font_weight=bold}Protocol 150-
^S={fontstyle=ROMAN fontsize=10pt font_weight=bold}Table 9.2.2.4
^S={fontstyle=ROMAN fontsize=10pt font_weight=bold}Key Secondary
^S={fontstyle=ROMAN fontsize=10pt font_weight=bold}(Modified Ful

                      The Mixed Procedure

                       Iteration History
 
  Iteration    Evaluations    -2 Res Log Like       Criterion

          0              1       323.23761937                
          1              2       301.57051276      0.11909421
          2              1       292.10858227      0.05838844
          3              1       287.88509583      0.02262392
          4              1       286.35689918      0.00544949
          5              1       286.01573994      0.00047766
          6              1       285.98840641      0.00000490
          7              1       285.98814048      0.00000000


                   Convergence criteria met.                    


 
 
 
 
^S={}CGI-S: Clinician Global Impression of Severity; SD: Standar
^S={}Note: The Modified Full Analysis Set includes all participa
^S={}Note: The baseline (Day -1) value is generally defined as t
^S={}Note: All ICEs are addressed using the treatment policy str
^S={}Note: CGI-S is a 7-point Likert-type rating scale used to a
^S={}Note: The LS means, SEs, LS Mean Diff, 95% CI and p-value h
^S={}Note: The randomization stratification factor will be remov
^S={}PROGRAM NAME: C:\SASData\JZP-150\150-201\stat\csr_dryrun1\p
^S={fontstyle=ROMAN fontsize=10pt font_weight=bold}Jazz Pharmace
^S={fontstyle=ROMAN fontsize=10pt font_weight=bold}Protocol 150-
^S={fontstyle=ROMAN fontsize=10pt font_weight=bold}Table 9.2.2.4
^S={fontstyle=ROMAN fontsize=10pt font_weight=bold}Key Secondary
^S={fontstyle=ROMAN fontsize=10pt font_weight=bold}(Modified Ful

                      The Mixed Procedure

                Covariance Parameter Estimates
 
                Cov Parm    Subject    Estimate

                UN(1,1)     id           0.8044
                UN(2,1)     id           0.3901
                UN(2,2)     id           0.8336
                UN(3,1)     id           0.3784
                UN(3,2)     id           0.4527
                UN(3,3)     id           1.2290
                UN(4,1)     id           0.5314
                UN(4,2)     id           0.7361
                UN(4,3)     id           0.8773
                UN(4,4)     id           1.4633


                        Fit Statistics

             -2 Res Log Likelihood           286.0
             AIC (Smaller is Better)         306.0
 
^S={}CGI-S: Clinician Global Impression of Severity; SD: Standar
^S={}Note: The Modified Full Analysis Set includes all participa
^S={}Note: The baseline (Day -1) value is generally defined as t
^S={}Note: All ICEs are addressed using the treatment policy str
^S={}Note: CGI-S is a 7-point Likert-type rating scale used to a
^S={}Note: The LS means, SEs, LS Mean Diff, 95% CI and p-value h
^S={}Note: The randomization stratification factor will be remov
^S={}PROGRAM NAME: C:\SASData\JZP-150\150-201\stat\csr_dryrun1\p
^S={fontstyle=ROMAN fontsize=10pt font_weight=bold}Jazz Pharmace
^S={fontstyle=ROMAN fontsize=10pt font_weight=bold}Protocol 150-
^S={fontstyle=ROMAN fontsize=10pt font_weight=bold}Table 9.2.2.4
^S={fontstyle=ROMAN fontsize=10pt font_weight=bold}Key Secondary
^S={fontstyle=ROMAN fontsize=10pt font_weight=bold}(Modified Ful

                      The Mixed Procedure

                        Fit Statistics

             AICC (Smaller is Better)        308.5
             BIC (Smaller is Better)         322.1


                Null Model Likelihood Ratio Test
 
                  DF    Chi-Square      Pr > ChiSq

                   9         37.25          <.0001


                 Type 3 Tests of Fixed Effects
 
                          Num     Den
      Effect               DF      DF    F Value    Pr > F

      BASE                  1    35.2       6.55    0.0150
      trtn                  2    32.4       0.10    0.9076
 
^S={}CGI-S: Clinician Global Impression of Severity; SD: Standar
^S={}Note: The Modified Full Analysis Set includes all participa
^S={}Note: The baseline (Day -1) value is generally defined as t
^S={}Note: All ICEs are addressed using the treatment policy str
^S={}Note: CGI-S is a 7-point Likert-type rating scale used to a
^S={}Note: The LS means, SEs, LS Mean Diff, 95% CI and p-value h
^S={}Note: The randomization stratification factor will be remov
^S={}PROGRAM NAME: C:\SASData\JZP-150\150-201\stat\csr_dryrun1\p
^S={fontstyle=ROMAN fontsize=10pt font_weight=bold}Jazz Pharmace
^S={fontstyle=ROMAN fontsize=10pt font_weight=bold}Protocol 150-
^S={fontstyle=ROMAN fontsize=10pt font_weight=bold}Table 9.2.2.4
^S={fontstyle=ROMAN fontsize=10pt font_weight=bold}Key Secondary
^S={fontstyle=ROMAN fontsize=10pt font_weight=bold}(Modified Ful

                      The Mixed Procedure

                 Type 3 Tests of Fixed Effects
 
                          Num     Den
      Effect               DF      DF    F Value    Pr > F

      AVISITN               3    23.4       0.66    0.5876
      AVISITN*trtn          6    26.4       2.08    0.0900
      BASE*AVISITN          3    23.1       0.77    0.5225
      SSNRISN               1      34       0.00    0.9833
      AVISITN*SSNRISN       3    23.5       2.04    0.1362


                      Least Squares Means
 
                Analysis                       Standard
 Effect         Visit (N)    trtn   Estimate      Error     DF

 AVISITN*trtn            1   1       -0.8688     0.3233     32
 AVISITN*trtn            1   2       -0.2901     0.2819     32
 AVISITN*trtn            1   3       -0.1569     0.3160     32
 
^S={}CGI-S: Clinician Global Impression of Severity; SD: Standar
^S={}Note: The Modified Full Analysis Set includes all participa
^S={}Note: The baseline (Day -1) value is generally defined as t
^S={}Note: All ICEs are addressed using the treatment policy str
^S={}Note: CGI-S is a 7-point Likert-type rating scale used to a
^S={}Note: The LS means, SEs, LS Mean Diff, 95% CI and p-value h
^S={}Note: The randomization stratification factor will be remov
^S={}PROGRAM NAME: C:\SASData\JZP-150\150-201\stat\csr_dryrun1\p
^S={fontstyle=ROMAN fontsize=10pt font_weight=bold}Jazz Pharmace
^S={fontstyle=ROMAN fontsize=10pt font_weight=bold}Protocol 150-
^S={fontstyle=ROMAN fontsize=10pt font_weight=bold}Table 9.2.2.4
^S={fontstyle=ROMAN fontsize=10pt font_weight=bold}Key Secondary
^S={fontstyle=ROMAN fontsize=10pt font_weight=bold}(Modified Ful

                      The Mixed Procedure

                      Least Squares Means
 
                Analysis                       Standard
 Effect         Visit (N)    trtn   Estimate      Error     DF

 AVISITN*trtn            4   1       -0.6778     0.3429   26.6
 AVISITN*trtn            4   2       -1.1401     0.2954   26.7
 AVISITN*trtn            4   3       -1.5947     0.3671   27.8
 AVISITN*trtn            8   1       -1.1986     0.4208   25.7
 AVISITN*trtn            8   2       -1.3865     0.4107     27
 AVISITN*trtn            8   3       -1.5128     0.4789   26.8
 AVISITN*trtn           12   1       -1.2267     0.5128     26
 AVISITN*trtn           12   2       -1.7160     0.5301     27
 AVISITN*trtn           12   3       -1.3969     0.5861     27

 
 
 
 
 
 
^S={}CGI-S: Clinician Global Impression of Severity; SD: Standar
^S={}Note: The Modified Full Analysis Set includes all participa
^S={}Note: The baseline (Day -1) value is generally defined as t
^S={}Note: All ICEs are addressed using the treatment policy str
^S={}Note: CGI-S is a 7-point Likert-type rating scale used to a
^S={}Note: The LS means, SEs, LS Mean Diff, 95% CI and p-value h
^S={}Note: The randomization stratification factor will be remov
^S={}PROGRAM NAME: C:\SASData\JZP-150\150-201\stat\csr_dryrun1\p
^S={fontstyle=ROMAN fontsize=10pt font_weight=bold}Jazz Pharmace
^S={fontstyle=ROMAN fontsize=10pt font_weight=bold}Protocol 150-
^S={fontstyle=ROMAN fontsize=10pt font_weight=bold}Table 9.2.2.4
^S={fontstyle=ROMAN fontsize=10pt font_weight=bold}Key Secondary
^S={fontstyle=ROMAN fontsize=10pt font_weight=bold}(Modified Ful

                      The Mixed Procedure

                      Least Squares Means
 
                Analysis
 Effect         Visit (N)    trtn   t Value   Pr > |t|    Alpha

 AVISITN*trtn            1   1        -2.69     0.0113     0.05
 AVISITN*trtn            1   2        -1.03     0.3112     0.05
 AVISITN*trtn            1   3        -0.50     0.6229     0.05
 AVISITN*trtn            4   1        -1.98     0.0586     0.05
 AVISITN*trtn            4   2        -3.86     0.0007     0.05
 AVISITN*trtn            4   3        -4.34     0.0002     0.05
 AVISITN*trtn            8   1        -2.85     0.0085     0.05
 AVISITN*trtn            8   2        -3.38     0.0022     0.05
 AVISITN*trtn            8   3        -3.16     0.0039     0.05
 AVISITN*trtn           12   1        -2.39     0.0243     0.05
 AVISITN*trtn           12   2        -3.24     0.0032     0.05
 AVISITN*trtn           12   3        -2.38     0.0245     0.05

 
 
 
^S={}CGI-S: Clinician Global Impression of Severity; SD: Standar
^S={}Note: The Modified Full Analysis Set includes all participa
^S={}Note: The baseline (Day -1) value is generally defined as t
^S={}Note: All ICEs are addressed using the treatment policy str
^S={}Note: CGI-S is a 7-point Likert-type rating scale used to a
^S={}Note: The LS means, SEs, LS Mean Diff, 95% CI and p-value h
^S={}Note: The randomization stratification factor will be remov
^S={}PROGRAM NAME: C:\SASData\JZP-150\150-201\stat\csr_dryrun1\p
^S={fontstyle=ROMAN fontsize=10pt font_weight=bold}Jazz Pharmace
^S={fontstyle=ROMAN fontsize=10pt font_weight=bold}Protocol 150-
^S={fontstyle=ROMAN fontsize=10pt font_weight=bold}Table 9.2.2.4
^S={fontstyle=ROMAN fontsize=10pt font_weight=bold}Key Secondary
^S={fontstyle=ROMAN fontsize=10pt font_weight=bold}(Modified Ful

                      The Mixed Procedure

                      Least Squares Means
 
                   Analysis
    Effect         Visit (N)    trtn      Lower       Upper

    AVISITN*trtn            1   1       -1.5273     -0.2102
    AVISITN*trtn            1   2       -0.8642      0.2841
    AVISITN*trtn            1   3       -0.8007      0.4868
    AVISITN*trtn            4   1       -1.3819     0.02632
    AVISITN*trtn            4   2       -1.7466     -0.5335
    AVISITN*trtn            4   3       -2.3469     -0.8425
    AVISITN*trtn            8   1       -2.0640     -0.3331
    AVISITN*trtn            8   2       -2.2291     -0.5439
    AVISITN*trtn            8   3       -2.4956     -0.5299
    AVISITN*trtn           12   1       -2.2808     -0.1726
    AVISITN*trtn           12   2       -2.8038     -0.6282
    AVISITN*trtn           12   3       -2.5995     -0.1943
 
 
 
 
^S={}CGI-S: Clinician Global Impression of Severity; SD: Standar
^S={}Note: The Modified Full Analysis Set includes all participa
^S={}Note: The baseline (Day -1) value is generally defined as t
^S={}Note: All ICEs are addressed using the treatment policy str
^S={}Note: CGI-S is a 7-point Likert-type rating scale used to a
^S={}Note: The LS means, SEs, LS Mean Diff, 95% CI and p-value h
^S={}Note: The randomization stratification factor will be remov
^S={}PROGRAM NAME: C:\SASData\JZP-150\150-201\stat\csr_dryrun1\p
^S={fontstyle=ROMAN fontsize=10pt font_weight=bold}Jazz Pharmace
^S={fontstyle=ROMAN fontsize=10pt font_weight=bold}Protocol 150-
^S={fontstyle=ROMAN fontsize=10pt font_weight=bold}Table 9.2.2.4
^S={fontstyle=ROMAN fontsize=10pt font_weight=bold}Key Secondary
^S={fontstyle=ROMAN fontsize=10pt font_weight=bold}(Modified Ful

                      The Mixed Procedure

              Differences of Least Squares Means
 
                Analysis          Analysis
  Effect        Visit (N)   trtn  Visit (N)   _trtn  Estimate

  AVISITN*trtn           1  1              1  2       -0.5787
  AVISITN*trtn           1  1              1  3       -0.7118
  AVISITN*trtn           1  1              4  1       -0.1910
  AVISITN*trtn           1  1              4  2        0.2713
  AVISITN*trtn           1  1              4  3        0.7259
  AVISITN*trtn           1  1              8  1        0.3298
  AVISITN*trtn           1  1              8  2        0.5177
  AVISITN*trtn           1  1              8  3        0.6440
  AVISITN*trtn           1  1             12  1        0.3580
  AVISITN*trtn           1  1             12  2        0.8472
  AVISITN*trtn           1  1             12  3        0.5281
  AVISITN*trtn           1  2              1  3       -0.1331
  AVISITN*trtn           1  2              4  1        0.3877
  AVISITN*trtn           1  2              4  2        0.8500
  AVISITN*trtn           1  2              4  3        1.3046
 
^S={}CGI-S: Clinician Global Impression of Severity; SD: Standar
^S={}Note: The Modified Full Analysis Set includes all participa
^S={}Note: The baseline (Day -1) value is generally defined as t
^S={}Note: All ICEs are addressed using the treatment policy str
^S={}Note: CGI-S is a 7-point Likert-type rating scale used to a
^S={}Note: The LS means, SEs, LS Mean Diff, 95% CI and p-value h
^S={}Note: The randomization stratification factor will be remov
^S={}PROGRAM NAME: C:\SASData\JZP-150\150-201\stat\csr_dryrun1\p
^S={fontstyle=ROMAN fontsize=10pt font_weight=bold}Jazz Pharmace
^S={fontstyle=ROMAN fontsize=10pt font_weight=bold}Protocol 150-
^S={fontstyle=ROMAN fontsize=10pt font_weight=bold}Table 9.2.2.4
^S={fontstyle=ROMAN fontsize=10pt font_weight=bold}Key Secondary
^S={fontstyle=ROMAN fontsize=10pt font_weight=bold}(Modified Ful

                      The Mixed Procedure

              Differences of Least Squares Means
 
                Analysis          Analysis           Standard
  Effect        Visit (N)   trtn  Visit (N)   _trtn     Error

  AVISITN*trtn           1  1              1  2        0.3816
  AVISITN*trtn           1  1              1  3        0.4026
  AVISITN*trtn           1  1              4  1        0.3475
  AVISITN*trtn           1  1              4  2        0.4162
  AVISITN*trtn           1  1              4  3        0.4677
  AVISITN*trtn           1  1              8  1        0.4281
  AVISITN*trtn           1  1              8  2        0.5051
  AVISITN*trtn           1  1              8  3        0.5603
  AVISITN*trtn           1  1             12  1        0.4789
  AVISITN*trtn           1  1             12  2        0.6002
  AVISITN*trtn           1  1             12  3        0.6481
  AVISITN*trtn           1  2              1  3        0.3443
  AVISITN*trtn           1  2              4  1        0.4224
  AVISITN*trtn           1  2              4  2        0.2995
  AVISITN*trtn           1  2              4  3        0.4298
 
^S={}CGI-S: Clinician Global Impression of Severity; SD: Standar
^S={}Note: The Modified Full Analysis Set includes all participa
^S={}Note: The baseline (Day -1) value is generally defined as t
^S={}Note: All ICEs are addressed using the treatment policy str
^S={}Note: CGI-S is a 7-point Likert-type rating scale used to a
^S={}Note: The LS means, SEs, LS Mean Diff, 95% CI and p-value h
^S={}Note: The randomization stratification factor will be remov
^S={}PROGRAM NAME: C:\SASData\JZP-150\150-201\stat\csr_dryrun1\p
^S={fontstyle=ROMAN fontsize=10pt font_weight=bold}Jazz Pharmace
^S={fontstyle=ROMAN fontsize=10pt font_weight=bold}Protocol 150-
^S={fontstyle=ROMAN fontsize=10pt font_weight=bold}Table 9.2.2.4
^S={fontstyle=ROMAN fontsize=10pt font_weight=bold}Key Secondary
^S={fontstyle=ROMAN fontsize=10pt font_weight=bold}(Modified Ful

                      The Mixed Procedure

               Differences of Least Squares Means
 
              Analysis          Analysis
Effect        Visit (N)   trtn  Visit (N)   _trtn    DF  t Value

AVISITN*trtn           1  1              1  2        32    -1.52
AVISITN*trtn           1  1              1  3        32    -1.77
AVISITN*trtn           1  1              4  1      27.9    -0.55
AVISITN*trtn           1  1              4  2      54.4     0.65
AVISITN*trtn           1  1              4  3      53.2     1.55
AVISITN*trtn           1  1              8  1      24.8     0.77
AVISITN*trtn           1  1              8  2      51.5     1.02
AVISITN*trtn           1  1              8  3      46.2     1.15
AVISITN*trtn           1  1             12  1      22.8     0.75
AVISITN*trtn           1  1             12  2      43.2     1.41
AVISITN*trtn           1  1             12  3      40.1     0.81
AVISITN*trtn           1  2              1  3        32    -0.39
AVISITN*trtn           1  2              4  1      50.1     0.92
AVISITN*trtn           1  2              4  2      27.8     2.84
AVISITN*trtn           1  2              4  3      50.1     3.04
 
^S={}CGI-S: Clinician Global Impression of Severity; SD: Standar
^S={}Note: The Modified Full Analysis Set includes all participa
^S={}Note: The baseline (Day -1) value is generally defined as t
^S={}Note: All ICEs are addressed using the treatment policy str
^S={}Note: CGI-S is a 7-point Likert-type rating scale used to a
^S={}Note: The LS means, SEs, LS Mean Diff, 95% CI and p-value h
^S={}Note: The randomization stratification factor will be remov
^S={}PROGRAM NAME: C:\SASData\JZP-150\150-201\stat\csr_dryrun1\p
^S={fontstyle=ROMAN fontsize=10pt font_weight=bold}Jazz Pharmace
^S={fontstyle=ROMAN fontsize=10pt font_weight=bold}Protocol 150-
^S={fontstyle=ROMAN fontsize=10pt font_weight=bold}Table 9.2.2.4
^S={fontstyle=ROMAN fontsize=10pt font_weight=bold}Key Secondary
^S={fontstyle=ROMAN fontsize=10pt font_weight=bold}(Modified Ful

                      The Mixed Procedure

              Differences of Least Squares Means
 
                Analysis          Analysis
  Effect        Visit (N)   trtn  Visit (N)   _trtn  Pr > |t|

  AVISITN*trtn           1  1              1  2        0.1392
  AVISITN*trtn           1  1              1  3        0.0866
  AVISITN*trtn           1  1              4  1        0.5870
  AVISITN*trtn           1  1              4  2        0.5172
  AVISITN*trtn           1  1              4  3        0.1266
  AVISITN*trtn           1  1              8  1        0.4483
  AVISITN*trtn           1  1              8  2        0.3102
  AVISITN*trtn           1  1              8  3        0.2563
  AVISITN*trtn           1  1             12  1        0.4625
  AVISITN*trtn           1  1             12  2        0.1652
  AVISITN*trtn           1  1             12  3        0.4199
  AVISITN*trtn           1  2              1  3        0.7016
  AVISITN*trtn           1  2              4  1        0.3631
  AVISITN*trtn           1  2              4  2        0.0084
  AVISITN*trtn           1  2              4  3        0.0038
 
^S={}CGI-S: Clinician Global Impression of Severity; SD: Standar
^S={}Note: The Modified Full Analysis Set includes all participa
^S={}Note: The baseline (Day -1) value is generally defined as t
^S={}Note: All ICEs are addressed using the treatment policy str
^S={}Note: CGI-S is a 7-point Likert-type rating scale used to a
^S={}Note: The LS means, SEs, LS Mean Diff, 95% CI and p-value h
^S={}Note: The randomization stratification factor will be remov
^S={}PROGRAM NAME: C:\SASData\JZP-150\150-201\stat\csr_dryrun1\p
^S={fontstyle=ROMAN fontsize=10pt font_weight=bold}Jazz Pharmace
^S={fontstyle=ROMAN fontsize=10pt font_weight=bold}Protocol 150-
^S={fontstyle=ROMAN fontsize=10pt font_weight=bold}Table 9.2.2.4
^S={fontstyle=ROMAN fontsize=10pt font_weight=bold}Key Secondary
^S={fontstyle=ROMAN fontsize=10pt font_weight=bold}(Modified Ful

                      The Mixed Procedure

              Differences of Least Squares Means
 
                 Analysis          Analysis
   Effect        Visit (N)   trtn  Visit (N)   _trtn   Alpha

   AVISITN*trtn           1  1              1  2        0.05
   AVISITN*trtn           1  1              1  3        0.05
   AVISITN*trtn           1  1              4  1        0.05
   AVISITN*trtn           1  1              4  2        0.05
   AVISITN*trtn           1  1              4  3        0.05
   AVISITN*trtn           1  1              8  1        0.05
   AVISITN*trtn           1  1              8  2        0.05
   AVISITN*trtn           1  1              8  3        0.05
   AVISITN*trtn           1  1             12  1        0.05
   AVISITN*trtn           1  1             12  2        0.05
   AVISITN*trtn           1  1             12  3        0.05
   AVISITN*trtn           1  2              1  3        0.05
   AVISITN*trtn           1  2              4  1        0.05
   AVISITN*trtn           1  2              4  2        0.05
   AVISITN*trtn           1  2              4  3        0.05
 
^S={}CGI-S: Clinician Global Impression of Severity; SD: Standar
^S={}Note: The Modified Full Analysis Set includes all participa
^S={}Note: The baseline (Day -1) value is generally defined as t
^S={}Note: All ICEs are addressed using the treatment policy str
^S={}Note: CGI-S is a 7-point Likert-type rating scale used to a
^S={}Note: The LS means, SEs, LS Mean Diff, 95% CI and p-value h
^S={}Note: The randomization stratification factor will be remov
^S={}PROGRAM NAME: C:\SASData\JZP-150\150-201\stat\csr_dryrun1\p
^S={fontstyle=ROMAN fontsize=10pt font_weight=bold}Jazz Pharmace
^S={fontstyle=ROMAN fontsize=10pt font_weight=bold}Protocol 150-
^S={fontstyle=ROMAN fontsize=10pt font_weight=bold}Table 9.2.2.4
^S={fontstyle=ROMAN fontsize=10pt font_weight=bold}Key Secondary
^S={fontstyle=ROMAN fontsize=10pt font_weight=bold}(Modified Ful

                      The Mixed Procedure

              Differences of Least Squares Means
 
                Analysis          Analysis
  Effect        Visit (N)   trtn  Visit (N)   _trtn     Lower

  AVISITN*trtn           1  1              1  2       -1.3559
  AVISITN*trtn           1  1              1  3       -1.5318
  AVISITN*trtn           1  1              4  1       -0.9030
  AVISITN*trtn           1  1              4  2       -0.5629
  AVISITN*trtn           1  1              4  3       -0.2121
  AVISITN*trtn           1  1              8  1       -0.5523
  AVISITN*trtn           1  1              8  2       -0.4961
  AVISITN*trtn           1  1              8  3       -0.4837
  AVISITN*trtn           1  1             12  1       -0.6334
  AVISITN*trtn           1  1             12  2       -0.3630
  AVISITN*trtn           1  1             12  3       -0.7816
  AVISITN*trtn           1  2              1  3       -0.8345
  AVISITN*trtn           1  2              4  1       -0.4607
  AVISITN*trtn           1  2              4  2        0.2364
  AVISITN*trtn           1  2              4  3        0.4414
 
^S={}CGI-S: Clinician Global Impression of Severity; SD: Standar
^S={}Note: The Modified Full Analysis Set includes all participa
^S={}Note: The baseline (Day -1) value is generally defined as t
^S={}Note: All ICEs are addressed using the treatment policy str
^S={}Note: CGI-S is a 7-point Likert-type rating scale used to a
^S={}Note: The LS means, SEs, LS Mean Diff, 95% CI and p-value h
^S={}Note: The randomization stratification factor will be remov
^S={}PROGRAM NAME: C:\SASData\JZP-150\150-201\stat\csr_dryrun1\p
^S={fontstyle=ROMAN fontsize=10pt font_weight=bold}Jazz Pharmace
^S={fontstyle=ROMAN fontsize=10pt font_weight=bold}Protocol 150-
^S={fontstyle=ROMAN fontsize=10pt font_weight=bold}Table 9.2.2.4
^S={fontstyle=ROMAN fontsize=10pt font_weight=bold}Key Secondary
^S={fontstyle=ROMAN fontsize=10pt font_weight=bold}(Modified Ful

                      The Mixed Procedure

              Differences of Least Squares Means
 
                Analysis          Analysis
  Effect        Visit (N)   trtn  Visit (N)   _trtn     Upper

  AVISITN*trtn           1  1              1  2        0.1985
  AVISITN*trtn           1  1              1  3        0.1082
  AVISITN*trtn           1  1              4  1        0.5210
  AVISITN*trtn           1  1              4  2        1.1056
  AVISITN*trtn           1  1              4  3        1.6639
  AVISITN*trtn           1  1              8  1        1.2118
  AVISITN*trtn           1  1              8  2        1.5315
  AVISITN*trtn           1  1              8  3        1.7717
  AVISITN*trtn           1  1             12  1        1.3493
  AVISITN*trtn           1  1             12  2        2.0575
  AVISITN*trtn           1  1             12  3        1.8379
  AVISITN*trtn           1  2              1  3        0.5683
  AVISITN*trtn           1  2              4  1        1.2361
  AVISITN*trtn           1  2              4  2        1.4636
  AVISITN*trtn           1  2              4  3        2.1679
 
^S={}CGI-S: Clinician Global Impression of Severity; SD: Standar
^S={}Note: The Modified Full Analysis Set includes all participa
^S={}Note: The baseline (Day -1) value is generally defined as t
^S={}Note: All ICEs are addressed using the treatment policy str
^S={}Note: CGI-S is a 7-point Likert-type rating scale used to a
^S={}Note: The LS means, SEs, LS Mean Diff, 95% CI and p-value h
^S={}Note: The randomization stratification factor will be remov
^S={}PROGRAM NAME: C:\SASData\JZP-150\150-201\stat\csr_dryrun1\p
^S={fontstyle=ROMAN fontsize=10pt font_weight=bold}Jazz Pharmace
^S={fontstyle=ROMAN fontsize=10pt font_weight=bold}Protocol 150-
^S={fontstyle=ROMAN fontsize=10pt font_weight=bold}Table 9.2.2.4
^S={fontstyle=ROMAN fontsize=10pt font_weight=bold}Key Secondary
^S={fontstyle=ROMAN fontsize=10pt font_weight=bold}(Modified Ful

                      The Mixed Procedure

              Differences of Least Squares Means
 
                Analysis          Analysis
  Effect        Visit (N)   trtn  Visit (N)   _trtn  Estimate

  AVISITN*trtn           1  2              8  1        0.9085
  AVISITN*trtn           1  2              8  2        1.0964
  AVISITN*trtn           1  2              8  3        1.2227
  AVISITN*trtn           1  2             12  1        0.9367
  AVISITN*trtn           1  2             12  2        1.4259
  AVISITN*trtn           1  2             12  3        1.1069
  AVISITN*trtn           1  3              4  1        0.5208
  AVISITN*trtn           1  3              4  2        0.9831
  AVISITN*trtn           1  3              4  3        1.4378
  AVISITN*trtn           1  3              8  1        1.0416
  AVISITN*trtn           1  3              8  2        1.2295
  AVISITN*trtn           1  3              8  3        1.3558
  AVISITN*trtn           1  3             12  1        1.0698
  AVISITN*trtn           1  3             12  2        1.5590
  AVISITN*trtn           1  3             12  3        1.2400
 
^S={}CGI-S: Clinician Global Impression of Severity; SD: Standar
^S={}Note: The Modified Full Analysis Set includes all participa
^S={}Note: The baseline (Day -1) value is generally defined as t
^S={}Note: All ICEs are addressed using the treatment policy str
^S={}Note: CGI-S is a 7-point Likert-type rating scale used to a
^S={}Note: The LS means, SEs, LS Mean Diff, 95% CI and p-value h
^S={}Note: The randomization stratification factor will be remov
^S={}PROGRAM NAME: C:\SASData\JZP-150\150-201\stat\csr_dryrun1\p
^S={fontstyle=ROMAN fontsize=10pt font_weight=bold}Jazz Pharmace
^S={fontstyle=ROMAN fontsize=10pt font_weight=bold}Protocol 150-
^S={fontstyle=ROMAN fontsize=10pt font_weight=bold}Table 9.2.2.4
^S={fontstyle=ROMAN fontsize=10pt font_weight=bold}Key Secondary
^S={fontstyle=ROMAN fontsize=10pt font_weight=bold}(Modified Ful

                      The Mixed Procedure

              Differences of Least Squares Means
 
                Analysis          Analysis           Standard
  Effect        Visit (N)   trtn  Visit (N)   _trtn     Error

  AVISITN*trtn           1  2              8  1        0.4883
  AVISITN*trtn           1  2              8  2        0.4164
  AVISITN*trtn           1  2              8  3        0.5293
  AVISITN*trtn           1  2             12  1        0.5631
  AVISITN*trtn           1  2             12  2        0.5055
  AVISITN*trtn           1  2             12  3        0.6187
  AVISITN*trtn           1  3              4  1        0.4438
  AVISITN*trtn           1  3              4  2        0.3971
  AVISITN*trtn           1  3              4  3        0.3712
  AVISITN*trtn           1  3              8  1        0.5070
  AVISITN*trtn           1  3              8  2        0.4898
  AVISITN*trtn           1  3              8  3        0.4850
  AVISITN*trtn           1  3             12  1        0.5787
  AVISITN*trtn           1  3             12  2        0.5838
  AVISITN*trtn           1  3             12  3        0.5580
 
^S={}CGI-S: Clinician Global Impression of Severity; SD: Standar
^S={}Note: The Modified Full Analysis Set includes all participa
^S={}Note: The baseline (Day -1) value is generally defined as t
^S={}Note: All ICEs are addressed using the treatment policy str
^S={}Note: CGI-S is a 7-point Likert-type rating scale used to a
^S={}Note: The LS means, SEs, LS Mean Diff, 95% CI and p-value h
^S={}Note: The randomization stratification factor will be remov
^S={}PROGRAM NAME: C:\SASData\JZP-150\150-201\stat\csr_dryrun1\p
^S={fontstyle=ROMAN fontsize=10pt font_weight=bold}Jazz Pharmace
^S={fontstyle=ROMAN fontsize=10pt font_weight=bold}Protocol 150-
^S={fontstyle=ROMAN fontsize=10pt font_weight=bold}Table 9.2.2.4
^S={fontstyle=ROMAN fontsize=10pt font_weight=bold}Key Secondary
^S={fontstyle=ROMAN fontsize=10pt font_weight=bold}(Modified Ful

                      The Mixed Procedure

               Differences of Least Squares Means
 
              Analysis          Analysis
Effect        Visit (N)   trtn  Visit (N)   _trtn    DF  t Value

AVISITN*trtn           1  2              8  1      44.4     1.86
AVISITN*trtn           1  2              8  2      26.6     2.63
AVISITN*trtn           1  2              8  3      41.1     2.31
AVISITN*trtn           1  2             12  1      38.6     1.66
AVISITN*trtn           1  2             12  2      23.9     2.82
AVISITN*trtn           1  2             12  3      35.7     1.79
AVISITN*trtn           1  3              4  1      52.6     1.17
AVISITN*trtn           1  3              4  2      56.7     2.48
AVISITN*trtn           1  3              4  3        29     3.87
AVISITN*trtn           1  3              8  1        48     2.05
AVISITN*trtn           1  3              8  2      50.2     2.51
AVISITN*trtn           1  3              8  3      26.3     2.80
AVISITN*trtn           1  3             12  1      41.5     1.85
AVISITN*trtn           1  3             12  2      41.3     2.67
AVISITN*trtn           1  3             12  3      23.6     2.22
 
^S={}CGI-S: Clinician Global Impression of Severity; SD: Standar
^S={}Note: The Modified Full Analysis Set includes all participa
^S={}Note: The baseline (Day -1) value is generally defined as t
^S={}Note: All ICEs are addressed using the treatment policy str
^S={}Note: CGI-S is a 7-point Likert-type rating scale used to a
^S={}Note: The LS means, SEs, LS Mean Diff, 95% CI and p-value h
^S={}Note: The randomization stratification factor will be remov
^S={}PROGRAM NAME: C:\SASData\JZP-150\150-201\stat\csr_dryrun1\p
^S={fontstyle=ROMAN fontsize=10pt font_weight=bold}Jazz Pharmace
^S={fontstyle=ROMAN fontsize=10pt font_weight=bold}Protocol 150-
^S={fontstyle=ROMAN fontsize=10pt font_weight=bold}Table 9.2.2.4
^S={fontstyle=ROMAN fontsize=10pt font_weight=bold}Key Secondary
^S={fontstyle=ROMAN fontsize=10pt font_weight=bold}(Modified Ful

                      The Mixed Procedure

              Differences of Least Squares Means
 
                Analysis          Analysis
  Effect        Visit (N)   trtn  Visit (N)   _trtn  Pr > |t|

  AVISITN*trtn           1  2              8  1        0.0694
  AVISITN*trtn           1  2              8  2        0.0139
  AVISITN*trtn           1  2              8  3        0.0260
  AVISITN*trtn           1  2             12  1        0.1043
  AVISITN*trtn           1  2             12  2        0.0095
  AVISITN*trtn           1  2             12  3        0.0821
  AVISITN*trtn           1  3              4  1        0.2458
  AVISITN*trtn           1  3              4  2        0.0163
  AVISITN*trtn           1  3              4  3        0.0006
  AVISITN*trtn           1  3              8  1        0.0454
  AVISITN*trtn           1  3              8  2        0.0153
  AVISITN*trtn           1  3              8  3        0.0095
  AVISITN*trtn           1  3             12  1        0.0717
  AVISITN*trtn           1  3             12  2        0.0108
  AVISITN*trtn           1  3             12  3        0.0361
 
^S={}CGI-S: Clinician Global Impression of Severity; SD: Standar
^S={}Note: The Modified Full Analysis Set includes all participa
^S={}Note: The baseline (Day -1) value is generally defined as t
^S={}Note: All ICEs are addressed using the treatment policy str
^S={}Note: CGI-S is a 7-point Likert-type rating scale used to a
^S={}Note: The LS means, SEs, LS Mean Diff, 95% CI and p-value h
^S={}Note: The randomization stratification factor will be remov
^S={}PROGRAM NAME: C:\SASData\JZP-150\150-201\stat\csr_dryrun1\p
^S={fontstyle=ROMAN fontsize=10pt font_weight=bold}Jazz Pharmace
^S={fontstyle=ROMAN fontsize=10pt font_weight=bold}Protocol 150-
^S={fontstyle=ROMAN fontsize=10pt font_weight=bold}Table 9.2.2.4
^S={fontstyle=ROMAN fontsize=10pt font_weight=bold}Key Secondary
^S={fontstyle=ROMAN fontsize=10pt font_weight=bold}(Modified Ful

                      The Mixed Procedure

              Differences of Least Squares Means
 
                 Analysis          Analysis
   Effect        Visit (N)   trtn  Visit (N)   _trtn   Alpha

   AVISITN*trtn           1  2              8  1        0.05
   AVISITN*trtn           1  2              8  2        0.05
   AVISITN*trtn           1  2              8  3        0.05
   AVISITN*trtn           1  2             12  1        0.05
   AVISITN*trtn           1  2             12  2        0.05
   AVISITN*trtn           1  2             12  3        0.05
   AVISITN*trtn           1  3              4  1        0.05
   AVISITN*trtn           1  3              4  2        0.05
   AVISITN*trtn           1  3              4  3        0.05
   AVISITN*trtn           1  3              8  1        0.05
   AVISITN*trtn           1  3              8  2        0.05
   AVISITN*trtn           1  3              8  3        0.05
   AVISITN*trtn           1  3             12  1        0.05
   AVISITN*trtn           1  3             12  2        0.05
   AVISITN*trtn           1  3             12  3        0.05
 
^S={}CGI-S: Clinician Global Impression of Severity; SD: Standar
^S={}Note: The Modified Full Analysis Set includes all participa
^S={}Note: The baseline (Day -1) value is generally defined as t
^S={}Note: All ICEs are addressed using the treatment policy str
^S={}Note: CGI-S is a 7-point Likert-type rating scale used to a
^S={}Note: The LS means, SEs, LS Mean Diff, 95% CI and p-value h
^S={}Note: The randomization stratification factor will be remov
^S={}PROGRAM NAME: C:\SASData\JZP-150\150-201\stat\csr_dryrun1\p
^S={fontstyle=ROMAN fontsize=10pt font_weight=bold}Jazz Pharmace
^S={fontstyle=ROMAN fontsize=10pt font_weight=bold}Protocol 150-
^S={fontstyle=ROMAN fontsize=10pt font_weight=bold}Table 9.2.2.4
^S={fontstyle=ROMAN fontsize=10pt font_weight=bold}Key Secondary
^S={fontstyle=ROMAN fontsize=10pt font_weight=bold}(Modified Ful

                      The Mixed Procedure

              Differences of Least Squares Means
 
                Analysis          Analysis
  Effect        Visit (N)   trtn  Visit (N)   _trtn     Lower

  AVISITN*trtn           1  2              8  1      -0.07533
  AVISITN*trtn           1  2              8  2        0.2415
  AVISITN*trtn           1  2              8  3        0.1538
  AVISITN*trtn           1  2             12  1       -0.2027
  AVISITN*trtn           1  2             12  2        0.3825
  AVISITN*trtn           1  2             12  3       -0.1482
  AVISITN*trtn           1  3              4  1       -0.3695
  AVISITN*trtn           1  3              4  2        0.1878
  AVISITN*trtn           1  3              4  3        0.6787
  AVISITN*trtn           1  3              8  1       0.02227
  AVISITN*trtn           1  3              8  2        0.2458
  AVISITN*trtn           1  3              8  3        0.3595
  AVISITN*trtn           1  3             12  1      -0.09851
  AVISITN*trtn           1  3             12  2        0.3804
  AVISITN*trtn           1  3             12  3       0.08734
 
^S={}CGI-S: Clinician Global Impression of Severity; SD: Standar
^S={}Note: The Modified Full Analysis Set includes all participa
^S={}Note: The baseline (Day -1) value is generally defined as t
^S={}Note: All ICEs are addressed using the treatment policy str
^S={}Note: CGI-S is a 7-point Likert-type rating scale used to a
^S={}Note: The LS means, SEs, LS Mean Diff, 95% CI and p-value h
^S={}Note: The randomization stratification factor will be remov
^S={}PROGRAM NAME: C:\SASData\JZP-150\150-201\stat\csr_dryrun1\p
^S={fontstyle=ROMAN fontsize=10pt font_weight=bold}Jazz Pharmace
^S={fontstyle=ROMAN fontsize=10pt font_weight=bold}Protocol 150-
^S={fontstyle=ROMAN fontsize=10pt font_weight=bold}Table 9.2.2.4
^S={fontstyle=ROMAN fontsize=10pt font_weight=bold}Key Secondary
^S={fontstyle=ROMAN fontsize=10pt font_weight=bold}(Modified Ful

                      The Mixed Procedure

              Differences of Least Squares Means
 
                Analysis          Analysis
  Effect        Visit (N)   trtn  Visit (N)   _trtn     Upper

  AVISITN*trtn           1  2              8  1        1.8923
  AVISITN*trtn           1  2              8  2        1.9514
  AVISITN*trtn           1  2              8  3        2.2916
  AVISITN*trtn           1  2             12  1        2.0760
  AVISITN*trtn           1  2             12  2        2.4694
  AVISITN*trtn           1  2             12  3        2.3619
  AVISITN*trtn           1  3              4  1        1.4111
  AVISITN*trtn           1  3              4  2        1.7784
  AVISITN*trtn           1  3              4  3        2.1968
  AVISITN*trtn           1  3              8  1        2.0609
  AVISITN*trtn           1  3              8  2        2.2133
  AVISITN*trtn           1  3              8  3        2.3521
  AVISITN*trtn           1  3             12  1        2.2380
  AVISITN*trtn           1  3             12  2        2.7377
  AVISITN*trtn           1  3             12  3        2.3926
 
^S={}CGI-S: Clinician Global Impression of Severity; SD: Standar
^S={}Note: The Modified Full Analysis Set includes all participa
^S={}Note: The baseline (Day -1) value is generally defined as t
^S={}Note: All ICEs are addressed using the treatment policy str
^S={}Note: CGI-S is a 7-point Likert-type rating scale used to a
^S={}Note: The LS means, SEs, LS Mean Diff, 95% CI and p-value h
^S={}Note: The randomization stratification factor will be remov
^S={}PROGRAM NAME: C:\SASData\JZP-150\150-201\stat\csr_dryrun1\p
^S={fontstyle=ROMAN fontsize=10pt font_weight=bold}Jazz Pharmace
^S={fontstyle=ROMAN fontsize=10pt font_weight=bold}Protocol 150-
^S={fontstyle=ROMAN fontsize=10pt font_weight=bold}Table 9.2.2.4
^S={fontstyle=ROMAN fontsize=10pt font_weight=bold}Key Secondary
^S={fontstyle=ROMAN fontsize=10pt font_weight=bold}(Modified Ful

                      The Mixed Procedure

              Differences of Least Squares Means
 
                Analysis          Analysis
  Effect        Visit (N)   trtn  Visit (N)   _trtn  Estimate

  AVISITN*trtn           4  1              4  2        0.4623
  AVISITN*trtn           4  1              4  3        0.9169
  AVISITN*trtn           4  1              8  1        0.5208
  AVISITN*trtn           4  1              8  2        0.7087
  AVISITN*trtn           4  1              8  3        0.8350
  AVISITN*trtn           4  1             12  1        0.5489
  AVISITN*trtn           4  1             12  2        1.0382
  AVISITN*trtn           4  1             12  3        0.7191
  AVISITN*trtn           4  2              4  3        0.4546
  AVISITN*trtn           4  2              8  1       0.05847
  AVISITN*trtn           4  2              8  2        0.2464
  AVISITN*trtn           4  2              8  3        0.3727
  AVISITN*trtn           4  2             12  1       0.08664
  AVISITN*trtn           4  2             12  2        0.5759
  AVISITN*trtn           4  2             12  3        0.2568
 
^S={}CGI-S: Clinician Global Impression of Severity; SD: Standar
^S={}Note: The Modified Full Analysis Set includes all participa
^S={}Note: The baseline (Day -1) value is generally defined as t
^S={}Note: All ICEs are addressed using the treatment policy str
^S={}Note: CGI-S is a 7-point Likert-type rating scale used to a
^S={}Note: The LS means, SEs, LS Mean Diff, 95% CI and p-value h
^S={}Note: The randomization stratification factor will be remov
^S={}PROGRAM NAME: C:\SASData\JZP-150\150-201\stat\csr_dryrun1\p
^S={fontstyle=ROMAN fontsize=10pt font_weight=bold}Jazz Pharmace
^S={fontstyle=ROMAN fontsize=10pt font_weight=bold}Protocol 150-
^S={fontstyle=ROMAN fontsize=10pt font_weight=bold}Table 9.2.2.4
^S={fontstyle=ROMAN fontsize=10pt font_weight=bold}Key Secondary
^S={fontstyle=ROMAN fontsize=10pt font_weight=bold}(Modified Ful

                      The Mixed Procedure

              Differences of Least Squares Means
 
                Analysis          Analysis           Standard
  Effect        Visit (N)   trtn  Visit (N)   _trtn     Error

  AVISITN*trtn           4  1              4  2        0.4122
  AVISITN*trtn           4  1              4  3        0.4724
  AVISITN*trtn           4  1              8  1        0.4114
  AVISITN*trtn           4  1              8  2        0.5164
  AVISITN*trtn           4  1              8  3        0.5738
  AVISITN*trtn           4  1             12  1        0.4189
  AVISITN*trtn           4  1             12  2        0.6059
  AVISITN*trtn           4  1             12  3        0.6581
  AVISITN*trtn           4  2              4  3        0.4027
  AVISITN*trtn           4  2              8  1        0.4947
  AVISITN*trtn           4  2              8  2        0.4051
  AVISITN*trtn           4  2              8  3        0.5314
  AVISITN*trtn           4  2             12  1        0.5632
  AVISITN*trtn           4  2             12  2        0.4700
  AVISITN*trtn           4  2             12  3        0.6114
 
^S={}CGI-S: Clinician Global Impression of Severity; SD: Standar
^S={}Note: The Modified Full Analysis Set includes all participa
^S={}Note: The baseline (Day -1) value is generally defined as t
^S={}Note: All ICEs are addressed using the treatment policy str
^S={}Note: CGI-S is a 7-point Likert-type rating scale used to a
^S={}Note: The LS means, SEs, LS Mean Diff, 95% CI and p-value h
^S={}Note: The randomization stratification factor will be remov
^S={}PROGRAM NAME: C:\SASData\JZP-150\150-201\stat\csr_dryrun1\p
^S={fontstyle=ROMAN fontsize=10pt font_weight=bold}Jazz Pharmace
^S={fontstyle=ROMAN fontsize=10pt font_weight=bold}Protocol 150-
^S={fontstyle=ROMAN fontsize=10pt font_weight=bold}Table 9.2.2.4
^S={fontstyle=ROMAN fontsize=10pt font_weight=bold}Key Secondary
^S={fontstyle=ROMAN fontsize=10pt font_weight=bold}(Modified Ful

                      The Mixed Procedure

               Differences of Least Squares Means
 
              Analysis          Analysis
Effect        Visit (N)   trtn  Visit (N)   _trtn    DF  t Value

AVISITN*trtn           4  1              4  2        27     1.12
AVISITN*trtn           4  1              4  3      27.8     1.94
AVISITN*trtn           4  1              8  1      23.7     1.27
AVISITN*trtn           4  1              8  2      49.2     1.37
AVISITN*trtn           4  1              8  3      45.6     1.46
AVISITN*trtn           4  1             12  1      17.8     1.31
AVISITN*trtn           4  1             12  2      40.6     1.71
AVISITN*trtn           4  1             12  3      38.3     1.09
AVISITN*trtn           4  2              4  3      28.1     1.13
AVISITN*trtn           4  2              8  1      43.7     0.12
AVISITN*trtn           4  2              8  2      25.8     0.61
AVISITN*trtn           4  2              8  3      42.4     0.70
AVISITN*trtn           4  2             12  1      36.2     0.15
AVISITN*trtn           4  2             12  2      19.1     1.23
AVISITN*trtn           4  2             12  3      34.7     0.42
 
^S={}CGI-S: Clinician Global Impression of Severity; SD: Standar
^S={}Note: The Modified Full Analysis Set includes all participa
^S={}Note: The baseline (Day -1) value is generally defined as t
^S={}Note: All ICEs are addressed using the treatment policy str
^S={}Note: CGI-S is a 7-point Likert-type rating scale used to a
^S={}Note: The LS means, SEs, LS Mean Diff, 95% CI and p-value h
^S={}Note: The randomization stratification factor will be remov
^S={}PROGRAM NAME: C:\SASData\JZP-150\150-201\stat\csr_dryrun1\p
^S={fontstyle=ROMAN fontsize=10pt font_weight=bold}Jazz Pharmace
^S={fontstyle=ROMAN fontsize=10pt font_weight=bold}Protocol 150-
^S={fontstyle=ROMAN fontsize=10pt font_weight=bold}Table 9.2.2.4
^S={fontstyle=ROMAN fontsize=10pt font_weight=bold}Key Secondary
^S={fontstyle=ROMAN fontsize=10pt font_weight=bold}(Modified Ful

                      The Mixed Procedure

              Differences of Least Squares Means
 
                Analysis          Analysis
  Effect        Visit (N)   trtn  Visit (N)   _trtn  Pr > |t|

  AVISITN*trtn           4  1              4  2        0.2719
  AVISITN*trtn           4  1              4  3        0.0625
  AVISITN*trtn           4  1              8  1        0.2179
  AVISITN*trtn           4  1              8  2        0.1762
  AVISITN*trtn           4  1              8  3        0.1524
  AVISITN*trtn           4  1             12  1        0.2068
  AVISITN*trtn           4  1             12  2        0.0943
  AVISITN*trtn           4  1             12  3        0.2814
  AVISITN*trtn           4  2              4  3        0.2685
  AVISITN*trtn           4  2              8  1        0.9065
  AVISITN*trtn           4  2              8  2        0.5484
  AVISITN*trtn           4  2              8  3        0.4870
  AVISITN*trtn           4  2             12  1        0.8786
  AVISITN*trtn           4  2             12  2        0.2354
  AVISITN*trtn           4  2             12  3        0.6771
 
^S={}CGI-S: Clinician Global Impression of Severity; SD: Standar
^S={}Note: The Modified Full Analysis Set includes all participa
^S={}Note: The baseline (Day -1) value is generally defined as t
^S={}Note: All ICEs are addressed using the treatment policy str
^S={}Note: CGI-S is a 7-point Likert-type rating scale used to a
^S={}Note: The LS means, SEs, LS Mean Diff, 95% CI and p-value h
^S={}Note: The randomization stratification factor will be remov
^S={}PROGRAM NAME: C:\SASData\JZP-150\150-201\stat\csr_dryrun1\p
^S={fontstyle=ROMAN fontsize=10pt font_weight=bold}Jazz Pharmace
^S={fontstyle=ROMAN fontsize=10pt font_weight=bold}Protocol 150-
^S={fontstyle=ROMAN fontsize=10pt font_weight=bold}Table 9.2.2.4
^S={fontstyle=ROMAN fontsize=10pt font_weight=bold}Key Secondary
^S={fontstyle=ROMAN fontsize=10pt font_weight=bold}(Modified Ful

                      The Mixed Procedure

              Differences of Least Squares Means
 
                 Analysis          Analysis
   Effect        Visit (N)   trtn  Visit (N)   _trtn   Alpha

   AVISITN*trtn           4  1              4  2        0.05
   AVISITN*trtn           4  1              4  3        0.05
   AVISITN*trtn           4  1              8  1        0.05
   AVISITN*trtn           4  1              8  2        0.05
   AVISITN*trtn           4  1              8  3        0.05
   AVISITN*trtn           4  1             12  1        0.05
   AVISITN*trtn           4  1             12  2        0.05
   AVISITN*trtn           4  1             12  3        0.05
   AVISITN*trtn           4  2              4  3        0.05
   AVISITN*trtn           4  2              8  1        0.05
   AVISITN*trtn           4  2              8  2        0.05
   AVISITN*trtn           4  2              8  3        0.05
   AVISITN*trtn           4  2             12  1        0.05
   AVISITN*trtn           4  2             12  2        0.05
   AVISITN*trtn           4  2             12  3        0.05
 
^S={}CGI-S: Clinician Global Impression of Severity; SD: Standar
^S={}Note: The Modified Full Analysis Set includes all participa
^S={}Note: The baseline (Day -1) value is generally defined as t
^S={}Note: All ICEs are addressed using the treatment policy str
^S={}Note: CGI-S is a 7-point Likert-type rating scale used to a
^S={}Note: The LS means, SEs, LS Mean Diff, 95% CI and p-value h
^S={}Note: The randomization stratification factor will be remov
^S={}PROGRAM NAME: C:\SASData\JZP-150\150-201\stat\csr_dryrun1\p
^S={fontstyle=ROMAN fontsize=10pt font_weight=bold}Jazz Pharmace
^S={fontstyle=ROMAN fontsize=10pt font_weight=bold}Protocol 150-
^S={fontstyle=ROMAN fontsize=10pt font_weight=bold}Table 9.2.2.4
^S={fontstyle=ROMAN fontsize=10pt font_weight=bold}Key Secondary
^S={fontstyle=ROMAN fontsize=10pt font_weight=bold}(Modified Ful

                      The Mixed Procedure

              Differences of Least Squares Means
 
                Analysis          Analysis
  Effect        Visit (N)   trtn  Visit (N)   _trtn     Lower

  AVISITN*trtn           4  1              4  2       -0.3835
  AVISITN*trtn           4  1              4  3      -0.05105
  AVISITN*trtn           4  1              8  1       -0.3289
  AVISITN*trtn           4  1              8  2       -0.3290
  AVISITN*trtn           4  1              8  3       -0.3202
  AVISITN*trtn           4  1             12  1       -0.3320
  AVISITN*trtn           4  1             12  2       -0.1859
  AVISITN*trtn           4  1             12  3       -0.6129
  AVISITN*trtn           4  2              4  3       -0.3701
  AVISITN*trtn           4  2              8  1       -0.9388
  AVISITN*trtn           4  2              8  2       -0.5868
  AVISITN*trtn           4  2              8  3       -0.6995
  AVISITN*trtn           4  2             12  1       -1.0554
  AVISITN*trtn           4  2             12  2       -0.4075
  AVISITN*trtn           4  2             12  3       -0.9848
 
^S={}CGI-S: Clinician Global Impression of Severity; SD: Standar
^S={}Note: The Modified Full Analysis Set includes all participa
^S={}Note: The baseline (Day -1) value is generally defined as t
^S={}Note: All ICEs are addressed using the treatment policy str
^S={}Note: CGI-S is a 7-point Likert-type rating scale used to a
^S={}Note: The LS means, SEs, LS Mean Diff, 95% CI and p-value h
^S={}Note: The randomization stratification factor will be remov
^S={}PROGRAM NAME: C:\SASData\JZP-150\150-201\stat\csr_dryrun1\p
^S={fontstyle=ROMAN fontsize=10pt font_weight=bold}Jazz Pharmace
^S={fontstyle=ROMAN fontsize=10pt font_weight=bold}Protocol 150-
^S={fontstyle=ROMAN fontsize=10pt font_weight=bold}Table 9.2.2.4
^S={fontstyle=ROMAN fontsize=10pt font_weight=bold}Key Secondary
^S={fontstyle=ROMAN fontsize=10pt font_weight=bold}(Modified Ful

                      The Mixed Procedure

              Differences of Least Squares Means
 
                Analysis          Analysis
  Effect        Visit (N)   trtn  Visit (N)   _trtn     Upper

  AVISITN*trtn           4  1              4  2        1.3081
  AVISITN*trtn           4  1              4  3        1.8849
  AVISITN*trtn           4  1              8  1        1.3704
  AVISITN*trtn           4  1              8  2        1.7463
  AVISITN*trtn           4  1              8  3        1.9902
  AVISITN*trtn           4  1             12  1        1.4299
  AVISITN*trtn           4  1             12  2        2.2623
  AVISITN*trtn           4  1             12  3        2.0511
  AVISITN*trtn           4  2              4  3        1.2793
  AVISITN*trtn           4  2              8  1        1.0557
  AVISITN*trtn           4  2              8  2        1.0795
  AVISITN*trtn           4  2              8  3        1.4449
  AVISITN*trtn           4  2             12  1        1.2287
  AVISITN*trtn           4  2             12  2        1.5593
  AVISITN*trtn           4  2             12  3        1.4985
 
^S={}CGI-S: Clinician Global Impression of Severity; SD: Standar
^S={}Note: The Modified Full Analysis Set includes all participa
^S={}Note: The baseline (Day -1) value is generally defined as t
^S={}Note: All ICEs are addressed using the treatment policy str
^S={}Note: CGI-S is a 7-point Likert-type rating scale used to a
^S={}Note: The LS means, SEs, LS Mean Diff, 95% CI and p-value h
^S={}Note: The randomization stratification factor will be remov
^S={}PROGRAM NAME: C:\SASData\JZP-150\150-201\stat\csr_dryrun1\p
^S={fontstyle=ROMAN fontsize=10pt font_weight=bold}Jazz Pharmace
^S={fontstyle=ROMAN fontsize=10pt font_weight=bold}Protocol 150-
^S={fontstyle=ROMAN fontsize=10pt font_weight=bold}Table 9.2.2.4
^S={fontstyle=ROMAN fontsize=10pt font_weight=bold}Key Secondary
^S={fontstyle=ROMAN fontsize=10pt font_weight=bold}(Modified Ful

                      The Mixed Procedure

              Differences of Least Squares Means
 
                Analysis          Analysis
  Effect        Visit (N)   trtn  Visit (N)   _trtn  Estimate

  AVISITN*trtn           4  3              8  1       -0.3962
  AVISITN*trtn           4  3              8  2       -0.2082
  AVISITN*trtn           4  3              8  3      -0.08194
  AVISITN*trtn           4  3             12  1       -0.3680
  AVISITN*trtn           4  3             12  2        0.1213
  AVISITN*trtn           4  3             12  3       -0.1978
  AVISITN*trtn           8  1              8  2        0.1879
  AVISITN*trtn           8  1              8  3        0.3142
  AVISITN*trtn           8  1             12  1       0.02817
  AVISITN*trtn           8  1             12  2        0.5174
  AVISITN*trtn           8  1             12  3        0.1984
  AVISITN*trtn           8  2              8  3        0.1263
  AVISITN*trtn           8  2             12  1       -0.1598
  AVISITN*trtn           8  2             12  2        0.3295
  AVISITN*trtn           8  2             12  3       0.01043
 
^S={}CGI-S: Clinician Global Impression of Severity; SD: Standar
^S={}Note: The Modified Full Analysis Set includes all participa
^S={}Note: The baseline (Day -1) value is generally defined as t
^S={}Note: All ICEs are addressed using the treatment policy str
^S={}Note: CGI-S is a 7-point Likert-type rating scale used to a
^S={}Note: The LS means, SEs, LS Mean Diff, 95% CI and p-value h
^S={}Note: The randomization stratification factor will be remov
^S={}PROGRAM NAME: C:\SASData\JZP-150\150-201\stat\csr_dryrun1\p
^S={fontstyle=ROMAN fontsize=10pt font_weight=bold}Jazz Pharmace
^S={fontstyle=ROMAN fontsize=10pt font_weight=bold}Protocol 150-
^S={fontstyle=ROMAN fontsize=10pt font_weight=bold}Table 9.2.2.4
^S={fontstyle=ROMAN fontsize=10pt font_weight=bold}Key Secondary
^S={fontstyle=ROMAN fontsize=10pt font_weight=bold}(Modified Ful

                      The Mixed Procedure

              Differences of Least Squares Means
 
                Analysis          Analysis           Standard
  Effect        Visit (N)   trtn  Visit (N)   _trtn     Error

  AVISITN*trtn           4  3              8  1        0.5423
  AVISITN*trtn           4  3              8  2        0.5189
  AVISITN*trtn           4  3              8  3        0.4759
  AVISITN*trtn           4  3             12  1        0.6090
  AVISITN*trtn           4  3             12  2        0.5990
  AVISITN*trtn           4  3             12  3        0.5016
  AVISITN*trtn           8  1              8  2        0.5263
  AVISITN*trtn           8  1              8  3        0.5927
  AVISITN*trtn           8  1             12  1        0.4381
  AVISITN*trtn           8  1             12  2        0.6424
  AVISITN*trtn           8  1             12  3        0.6943
  AVISITN*trtn           8  2              8  3        0.4985
  AVISITN*trtn           8  2             12  1        0.6215
  AVISITN*trtn           8  2             12  2        0.4814
  AVISITN*trtn           8  2             12  3        0.6482
 
^S={}CGI-S: Clinician Global Impression of Severity; SD: Standar
^S={}Note: The Modified Full Analysis Set includes all participa
^S={}Note: The baseline (Day -1) value is generally defined as t
^S={}Note: All ICEs are addressed using the treatment policy str
^S={}Note: CGI-S is a 7-point Likert-type rating scale used to a
^S={}Note: The LS means, SEs, LS Mean Diff, 95% CI and p-value h
^S={}Note: The randomization stratification factor will be remov
^S={}PROGRAM NAME: C:\SASData\JZP-150\150-201\stat\csr_dryrun1\p
^S={fontstyle=ROMAN fontsize=10pt font_weight=bold}Jazz Pharmace
^S={fontstyle=ROMAN fontsize=10pt font_weight=bold}Protocol 150-
^S={fontstyle=ROMAN fontsize=10pt font_weight=bold}Table 9.2.2.4
^S={fontstyle=ROMAN fontsize=10pt font_weight=bold}Key Secondary
^S={fontstyle=ROMAN fontsize=10pt font_weight=bold}(Modified Ful

                      The Mixed Procedure

               Differences of Least Squares Means
 
              Analysis          Analysis
Effect        Visit (N)   trtn  Visit (N)   _trtn    DF  t Value

AVISITN*trtn           4  3              8  1      48.1    -0.73
AVISITN*trtn           4  3              8  2      51.7    -0.40
AVISITN*trtn           4  3              8  3      24.7    -0.17
AVISITN*trtn           4  3             12  1      40.4    -0.60
AVISITN*trtn           4  3             12  2      41.6     0.20
AVISITN*trtn           4  3             12  3      18.3    -0.39
AVISITN*trtn           8  1              8  2      26.4     0.36
AVISITN*trtn           8  1              8  3      26.5     0.53
AVISITN*trtn           8  1             12  1      19.6     0.06
AVISITN*trtn           8  1             12  2      42.9     0.81
AVISITN*trtn           8  1             12  3      40.7     0.29
AVISITN*trtn           8  2              8  3      26.4     0.25
AVISITN*trtn           8  2             12  1        42    -0.26
AVISITN*trtn           8  2             12  2      20.4     0.68
AVISITN*trtn           8  2             12  3      40.8     0.02
 
^S={}CGI-S: Clinician Global Impression of Severity; SD: Standar
^S={}Note: The Modified Full Analysis Set includes all participa
^S={}Note: The baseline (Day -1) value is generally defined as t
^S={}Note: All ICEs are addressed using the treatment policy str
^S={}Note: CGI-S is a 7-point Likert-type rating scale used to a
^S={}Note: The LS means, SEs, LS Mean Diff, 95% CI and p-value h
^S={}Note: The randomization stratification factor will be remov
^S={}PROGRAM NAME: C:\SASData\JZP-150\150-201\stat\csr_dryrun1\p
^S={fontstyle=ROMAN fontsize=10pt font_weight=bold}Jazz Pharmace
^S={fontstyle=ROMAN fontsize=10pt font_weight=bold}Protocol 150-
^S={fontstyle=ROMAN fontsize=10pt font_weight=bold}Table 9.2.2.4
^S={fontstyle=ROMAN fontsize=10pt font_weight=bold}Key Secondary
^S={fontstyle=ROMAN fontsize=10pt font_weight=bold}(Modified Ful

                      The Mixed Procedure

              Differences of Least Squares Means
 
                Analysis          Analysis
  Effect        Visit (N)   trtn  Visit (N)   _trtn  Pr > |t|

  AVISITN*trtn           4  3              8  1        0.4686
  AVISITN*trtn           4  3              8  2        0.6899
  AVISITN*trtn           4  3              8  3        0.8647
  AVISITN*trtn           4  3             12  1        0.5491
  AVISITN*trtn           4  3             12  2        0.8405
  AVISITN*trtn           4  3             12  3        0.6979
  AVISITN*trtn           8  1              8  2        0.7239
  AVISITN*trtn           8  1              8  3        0.6004
  AVISITN*trtn           8  1             12  1        0.9494
  AVISITN*trtn           8  1             12  2        0.4250
  AVISITN*trtn           8  1             12  3        0.7766
  AVISITN*trtn           8  2              8  3        0.8020
  AVISITN*trtn           8  2             12  1        0.7984
  AVISITN*trtn           8  2             12  2        0.5013
  AVISITN*trtn           8  2             12  3        0.9872
 
^S={}CGI-S: Clinician Global Impression of Severity; SD: Standar
^S={}Note: The Modified Full Analysis Set includes all participa
^S={}Note: The baseline (Day -1) value is generally defined as t
^S={}Note: All ICEs are addressed using the treatment policy str
^S={}Note: CGI-S is a 7-point Likert-type rating scale used to a
^S={}Note: The LS means, SEs, LS Mean Diff, 95% CI and p-value h
^S={}Note: The randomization stratification factor will be remov
^S={}PROGRAM NAME: C:\SASData\JZP-150\150-201\stat\csr_dryrun1\p
^S={fontstyle=ROMAN fontsize=10pt font_weight=bold}Jazz Pharmace
^S={fontstyle=ROMAN fontsize=10pt font_weight=bold}Protocol 150-
^S={fontstyle=ROMAN fontsize=10pt font_weight=bold}Table 9.2.2.4
^S={fontstyle=ROMAN fontsize=10pt font_weight=bold}Key Secondary
^S={fontstyle=ROMAN fontsize=10pt font_weight=bold}(Modified Ful

                      The Mixed Procedure

              Differences of Least Squares Means
 
                 Analysis          Analysis
   Effect        Visit (N)   trtn  Visit (N)   _trtn   Alpha

   AVISITN*trtn           4  3              8  1        0.05
   AVISITN*trtn           4  3              8  2        0.05
   AVISITN*trtn           4  3              8  3        0.05
   AVISITN*trtn           4  3             12  1        0.05
   AVISITN*trtn           4  3             12  2        0.05
   AVISITN*trtn           4  3             12  3        0.05
   AVISITN*trtn           8  1              8  2        0.05
   AVISITN*trtn           8  1              8  3        0.05
   AVISITN*trtn           8  1             12  1        0.05
   AVISITN*trtn           8  1             12  2        0.05
   AVISITN*trtn           8  1             12  3        0.05
   AVISITN*trtn           8  2              8  3        0.05
   AVISITN*trtn           8  2             12  1        0.05
   AVISITN*trtn           8  2             12  2        0.05
   AVISITN*trtn           8  2             12  3        0.05
 
^S={}CGI-S: Clinician Global Impression of Severity; SD: Standar
^S={}Note: The Modified Full Analysis Set includes all participa
^S={}Note: The baseline (Day -1) value is generally defined as t
^S={}Note: All ICEs are addressed using the treatment policy str
^S={}Note: CGI-S is a 7-point Likert-type rating scale used to a
^S={}Note: The LS means, SEs, LS Mean Diff, 95% CI and p-value h
^S={}Note: The randomization stratification factor will be remov
^S={}PROGRAM NAME: C:\SASData\JZP-150\150-201\stat\csr_dryrun1\p
^S={fontstyle=ROMAN fontsize=10pt font_weight=bold}Jazz Pharmace
^S={fontstyle=ROMAN fontsize=10pt font_weight=bold}Protocol 150-
^S={fontstyle=ROMAN fontsize=10pt font_weight=bold}Table 9.2.2.4
^S={fontstyle=ROMAN fontsize=10pt font_weight=bold}Key Secondary
^S={fontstyle=ROMAN fontsize=10pt font_weight=bold}(Modified Ful

                      The Mixed Procedure

              Differences of Least Squares Means
 
                Analysis          Analysis
  Effect        Visit (N)   trtn  Visit (N)   _trtn     Lower

  AVISITN*trtn           4  3              8  1       -1.4864
  AVISITN*trtn           4  3              8  2       -1.2497
  AVISITN*trtn           4  3              8  3       -1.0628
  AVISITN*trtn           4  3             12  1       -1.5984
  AVISITN*trtn           4  3             12  2       -1.0879
  AVISITN*trtn           4  3             12  3       -1.2503
  AVISITN*trtn           8  1              8  2       -0.8931
  AVISITN*trtn           8  1              8  3       -0.9031
  AVISITN*trtn           8  1             12  1       -0.8868
  AVISITN*trtn           8  1             12  2       -0.7783
  AVISITN*trtn           8  1             12  3       -1.2042
  AVISITN*trtn           8  2              8  3       -0.8976
  AVISITN*trtn           8  2             12  1       -1.4141
  AVISITN*trtn           8  2             12  2       -0.6733
  AVISITN*trtn           8  2             12  3       -1.2988
 
^S={}CGI-S: Clinician Global Impression of Severity; SD: Standar
^S={}Note: The Modified Full Analysis Set includes all participa
^S={}Note: The baseline (Day -1) value is generally defined as t
^S={}Note: All ICEs are addressed using the treatment policy str
^S={}Note: CGI-S is a 7-point Likert-type rating scale used to a
^S={}Note: The LS means, SEs, LS Mean Diff, 95% CI and p-value h
^S={}Note: The randomization stratification factor will be remov
^S={}PROGRAM NAME: C:\SASData\JZP-150\150-201\stat\csr_dryrun1\p
^S={fontstyle=ROMAN fontsize=10pt font_weight=bold}Jazz Pharmace
^S={fontstyle=ROMAN fontsize=10pt font_weight=bold}Protocol 150-
^S={fontstyle=ROMAN fontsize=10pt font_weight=bold}Table 9.2.2.4
^S={fontstyle=ROMAN fontsize=10pt font_weight=bold}Key Secondary
^S={fontstyle=ROMAN fontsize=10pt font_weight=bold}(Modified Ful

                      The Mixed Procedure

              Differences of Least Squares Means
 
                Analysis          Analysis
  Effect        Visit (N)   trtn  Visit (N)   _trtn     Upper

  AVISITN*trtn           4  3              8  1        0.6941
  AVISITN*trtn           4  3              8  2        0.8332
  AVISITN*trtn           4  3              8  3        0.8989
  AVISITN*trtn           4  3             12  1        0.8624
  AVISITN*trtn           4  3             12  2        1.3305
  AVISITN*trtn           4  3             12  3        0.8547
  AVISITN*trtn           8  1              8  2        1.2689
  AVISITN*trtn           8  1              8  3        1.5315
  AVISITN*trtn           8  1             12  1        0.9431
  AVISITN*trtn           8  1             12  2        1.8132
  AVISITN*trtn           8  1             12  3        1.6009
  AVISITN*trtn           8  2              8  3        1.1502
  AVISITN*trtn           8  2             12  1        1.0946
  AVISITN*trtn           8  2             12  2        1.3324
  AVISITN*trtn           8  2             12  3        1.3196
 
^S={}CGI-S: Clinician Global Impression of Severity; SD: Standar
^S={}Note: The Modified Full Analysis Set includes all participa
^S={}Note: The baseline (Day -1) value is generally defined as t
^S={}Note: All ICEs are addressed using the treatment policy str
^S={}Note: CGI-S is a 7-point Likert-type rating scale used to a
^S={}Note: The LS means, SEs, LS Mean Diff, 95% CI and p-value h
^S={}Note: The randomization stratification factor will be remov
^S={}PROGRAM NAME: C:\SASData\JZP-150\150-201\stat\csr_dryrun1\p
^S={fontstyle=ROMAN fontsize=10pt font_weight=bold}Jazz Pharmace
^S={fontstyle=ROMAN fontsize=10pt font_weight=bold}Protocol 150-
^S={fontstyle=ROMAN fontsize=10pt font_weight=bold}Table 9.2.2.4
^S={fontstyle=ROMAN fontsize=10pt font_weight=bold}Key Secondary
^S={fontstyle=ROMAN fontsize=10pt font_weight=bold}(Modified Ful

                      The Mixed Procedure

              Differences of Least Squares Means
 
                Analysis          Analysis
  Effect        Visit (N)   trtn  Visit (N)   _trtn  Estimate

  AVISITN*trtn           8  3             12  1       -0.2860
  AVISITN*trtn           8  3             12  2        0.2032
  AVISITN*trtn           8  3             12  3       -0.1159
  AVISITN*trtn          12  1             12  2        0.4893
  AVISITN*trtn          12  1             12  3        0.1702
  AVISITN*trtn          12  2             12  3       -0.3191

              Differences of Least Squares Means
 
                Analysis          Analysis           Standard
  Effect        Visit (N)   trtn  Visit (N)   _trtn     Error

  AVISITN*trtn           8  3             12  1        0.6736
  AVISITN*trtn           8  3             12  2        0.6469
  AVISITN*trtn           8  3             12  3        0.5205
 
^S={}CGI-S: Clinician Global Impression of Severity; SD: Standar
^S={}Note: The Modified Full Analysis Set includes all participa
^S={}Note: The baseline (Day -1) value is generally defined as t
^S={}Note: All ICEs are addressed using the treatment policy str
^S={}Note: CGI-S is a 7-point Likert-type rating scale used to a
^S={}Note: The LS means, SEs, LS Mean Diff, 95% CI and p-value h
^S={}Note: The randomization stratification factor will be remov
^S={}PROGRAM NAME: C:\SASData\JZP-150\150-201\stat\csr_dryrun1\p
^S={fontstyle=ROMAN fontsize=10pt font_weight=bold}Jazz Pharmace
^S={fontstyle=ROMAN fontsize=10pt font_weight=bold}Protocol 150-
^S={fontstyle=ROMAN fontsize=10pt font_weight=bold}Table 9.2.2.4
^S={fontstyle=ROMAN fontsize=10pt font_weight=bold}Key Secondary
^S={fontstyle=ROMAN fontsize=10pt font_weight=bold}(Modified Ful

                      The Mixed Procedure

              Differences of Least Squares Means
 
                Analysis          Analysis           Standard
  Effect        Visit (N)   trtn  Visit (N)   _trtn     Error

  AVISITN*trtn          12  1             12  2        0.6397
  AVISITN*trtn          12  1             12  3        0.6490
  AVISITN*trtn          12  2             12  3        0.6014

               Differences of Least Squares Means
 
              Analysis          Analysis
Effect        Visit (N)   trtn  Visit (N)   _trtn    DF  t Value

AVISITN*trtn           8  3             12  1      42.8    -0.42
AVISITN*trtn           8  3             12  2      45.4     0.31
AVISITN*trtn           8  3             12  3        20    -0.22
AVISITN*trtn          12  1             12  2      26.6     0.76
AVISITN*trtn          12  1             12  3      24.9     0.26
AVISITN*trtn          12  2             12  3      26.5    -0.53
 
^S={}CGI-S: Clinician Global Impression of Severity; SD: Standar
^S={}Note: The Modified Full Analysis Set includes all participa
^S={}Note: The baseline (Day -1) value is generally defined as t
^S={}Note: All ICEs are addressed using the treatment policy str
^S={}Note: CGI-S is a 7-point Likert-type rating scale used to a
^S={}Note: The LS means, SEs, LS Mean Diff, 95% CI and p-value h
^S={}Note: The randomization stratification factor will be remov
^S={}PROGRAM NAME: C:\SASData\JZP-150\150-201\stat\csr_dryrun1\p
^S={fontstyle=ROMAN fontsize=10pt font_weight=bold}Jazz Pharmace
^S={fontstyle=ROMAN fontsize=10pt font_weight=bold}Protocol 150-
^S={fontstyle=ROMAN fontsize=10pt font_weight=bold}Table 9.2.2.4
^S={fontstyle=ROMAN fontsize=10pt font_weight=bold}Key Secondary
^S={fontstyle=ROMAN fontsize=10pt font_weight=bold}(Modified Ful

                      The Mixed Procedure

              Differences of Least Squares Means
 
                Analysis          Analysis
  Effect        Visit (N)   trtn  Visit (N)   _trtn  Pr > |t|

  AVISITN*trtn           8  3             12  1        0.6732
  AVISITN*trtn           8  3             12  2        0.7548
  AVISITN*trtn           8  3             12  3        0.8261
  AVISITN*trtn          12  1             12  2        0.4511
  AVISITN*trtn          12  1             12  3        0.7953
  AVISITN*trtn          12  2             12  3        0.6001

              Differences of Least Squares Means
 
                 Analysis          Analysis
   Effect        Visit (N)   trtn  Visit (N)   _trtn   Alpha

   AVISITN*trtn           8  3             12  1        0.05
   AVISITN*trtn           8  3             12  2        0.05
   AVISITN*trtn           8  3             12  3        0.05
 
^S={}CGI-S: Clinician Global Impression of Severity; SD: Standar
^S={}Note: The Modified Full Analysis Set includes all participa
^S={}Note: The baseline (Day -1) value is generally defined as t
^S={}Note: All ICEs are addressed using the treatment policy str
^S={}Note: CGI-S is a 7-point Likert-type rating scale used to a
^S={}Note: The LS means, SEs, LS Mean Diff, 95% CI and p-value h
^S={}Note: The randomization stratification factor will be remov
^S={}PROGRAM NAME: C:\SASData\JZP-150\150-201\stat\csr_dryrun1\p
^S={fontstyle=ROMAN fontsize=10pt font_weight=bold}Jazz Pharmace
^S={fontstyle=ROMAN fontsize=10pt font_weight=bold}Protocol 150-
^S={fontstyle=ROMAN fontsize=10pt font_weight=bold}Table 9.2.2.4
^S={fontstyle=ROMAN fontsize=10pt font_weight=bold}Key Secondary
^S={fontstyle=ROMAN fontsize=10pt font_weight=bold}(Modified Ful

                      The Mixed Procedure

              Differences of Least Squares Means
 
                 Analysis          Analysis
   Effect        Visit (N)   trtn  Visit (N)   _trtn   Alpha

   AVISITN*trtn          12  1             12  2        0.05
   AVISITN*trtn          12  1             12  3        0.05
   AVISITN*trtn          12  2             12  3        0.05

              Differences of Least Squares Means
 
                Analysis          Analysis
  Effect        Visit (N)   trtn  Visit (N)   _trtn     Lower

  AVISITN*trtn           8  3             12  1       -1.6447
  AVISITN*trtn           8  3             12  2       -1.0994
  AVISITN*trtn           8  3             12  3       -1.2017
  AVISITN*trtn          12  1             12  2       -0.8242
  AVISITN*trtn          12  1             12  3       -1.1669
  AVISITN*trtn          12  2             12  3       -1.5541
 
^S={}CGI-S: Clinician Global Impression of Severity; SD: Standar
^S={}Note: The Modified Full Analysis Set includes all participa
^S={}Note: The baseline (Day -1) value is generally defined as t
^S={}Note: All ICEs are addressed using the treatment policy str
^S={}Note: CGI-S is a 7-point Likert-type rating scale used to a
^S={}Note: The LS means, SEs, LS Mean Diff, 95% CI and p-value h
^S={}Note: The randomization stratification factor will be remov
^S={}PROGRAM NAME: C:\SASData\JZP-150\150-201\stat\csr_dryrun1\p
^S={fontstyle=ROMAN fontsize=10pt font_weight=bold}Jazz Pharmace
^S={fontstyle=ROMAN fontsize=10pt font_weight=bold}Protocol 150-
^S={fontstyle=ROMAN fontsize=10pt font_weight=bold}Table 9.2.2.4
^S={fontstyle=ROMAN fontsize=10pt font_weight=bold}Key Secondary
^S={fontstyle=ROMAN fontsize=10pt font_weight=bold}(Modified Ful

                      The Mixed Procedure

              Differences of Least Squares Means
 
                Analysis          Analysis
  Effect        Visit (N)   trtn  Visit (N)   _trtn     Upper

  AVISITN*trtn           8  3             12  1        1.0726
  AVISITN*trtn           8  3             12  2        1.5058
  AVISITN*trtn           8  3             12  3        0.9700
  AVISITN*trtn          12  1             12  2        1.8028
  AVISITN*trtn          12  1             12  3        1.5072
  AVISITN*trtn          12  2             12  3        0.9159
 
 
 
 
 
 
 
 
 
 
^S={}CGI-S: Clinician Global Impression of Severity; SD: Standar
^S={}Note: The Modified Full Analysis Set includes all participa
^S={}Note: The baseline (Day -1) value is generally defined as t
^S={}Note: All ICEs are addressed using the treatment policy str
^S={}Note: CGI-S is a 7-point Likert-type rating scale used to a
^S={}Note: The LS means, SEs, LS Mean Diff, 95% CI and p-value h
^S={}Note: The randomization stratification factor will be remov
^S={}PROGRAM NAME: C:\SASData\JZP-150\150-201\stat\csr_dryrun1\p
